<?xml version="1.0" encoding="UTF-8"?>
<!-- Generated by org.testng.reporters.JUnitReportReporter -->
<testsuite hostname="DESKTOP-N2T4CKF" failures="0" tests="4" name="testPages.HomePageTest" time="10.669" errors="0" timestamp="2022-12-24T16:24:44 EST" skipped="3">
  <testcase classname="testPages.HomePageTest" name="clickCheckboxTest" time="10.669"/>
  <system-out/>
  <testcase classname="testPages.HomePageTest" name="clickLoginTest">
    <skipped/>
  </testcase> <!-- clickLoginTest -->
  <system-out/>
  <testcase classname="testPages.HomePageTest" name="clickProductTest">
    <skipped/>
  </testcase> <!-- clickProductTest -->
  <system-out/>
  <testcase classname="testPages.HomePageTest" name="clickStartAQuoteTest">
    <skipped/>
  </testcase> <!-- clickStartAQuoteTest -->
  <system-out/>
</testsuite> <!-- testPages.HomePageTest -->
